<?xml version="1.0" encoding="UTF-8"?>
<testsuite name="SimpleBankSystemTest" tests="1" skipped="0" failures="0" errors="0" timestamp="2021-02-25T14:11:39" hostname="DESKTOP-DD3SLOV" time="13.884">
  <properties/>
  <testcase name="start" classname="SimpleBankSystemTest" time="13.884"/>
  <system-out><![CDATA[?[1;31m
Start test 1?[0m
1. Create an account
2. Log into account
0. Exit
> 0
Bye!
?[1;31m
Start test 2?[0m
1. Create an account
2. Log into account
0. Exit
> 0
Bye!
?[1;31m
Start test 3?[0m
1. Create an account
2. Log into account
0. Exit
> 0
Bye!
?[1;31m
Start test 4?[0m
1. Create an account
2. Log into account
0. Exit
> 0
Bye!
?[1;31m
Start test 5?[0m
1. Create an account
2. Log into account
0. Exit
> 1
Your card has been created
Your card number:
4000003229489998
Your card PIN:
7134
INSERT INTO card (number, pin) VALUES (4000003229489998, 7134);
1. Create an account
2. Log into account
0. Exit
> 1
Your card has been created
Your card number:
4000002928136413
Your card PIN:
9473
INSERT INTO card (number, pin) VALUES (4000002928136413, 9473);
1. Create an account
2. Log into account
0. Exit
> 1
Your card has been created
Your card number:
4000002065723312
Your card PIN:
7158
INSERT INTO card (number, pin) VALUES (4000002065723312, 7158);
1. Create an account
2. Log into account
0. Exit
> 1
Your card has been created
Your card number:
4000007573431977
Your card PIN:
5747
INSERT INTO card (number, pin) VALUES (4000007573431977, 5747);
1. Create an account
2. Log into account
0. Exit
> 1
Your card has been created
Your card number:
4000001801131855
Your card PIN:
8072
INSERT INTO card (number, pin) VALUES (4000001801131855, 8072);
1. Create an account
2. Log into account
0. Exit
> 0
Bye!
4000003229489998
4000002928136413
4000002065723312
4000007573431977
4000001801131855
?[1;31m
Start test 6?[0m
1. Create an account
2. Log into account
0. Exit
> 1
Your card has been created
Your card number:
4000001501188593
Your card PIN:
9376
INSERT INTO card (number, pin) VALUES (4000001501188593, 9376);
1. Create an account
2. Log into account
0. Exit
> 2
Enter your card number:
> 4000001501188593
Enter your PIN:
> 9376
You have successfully logged in!
1. Balance
2. Log out
0. Exit
> 0
Bye!
?[1;31m
Start test 7?[0m
1. Create an account
2. Log into account
0. Exit
> 1
Your card has been created
Your card number:
4000002957891086
Your card PIN:
8943
java.sql.SQLException: [SQLITE_BUSY]  The database file is locked (database is locked)
1. Create an account
2. Log into account
0. Exit
> 2
Enter your card number:
> 4000002957891086
Enter your PIN:
> 8296
Wrong card number or PIN!
1. Create an account
2. Log into account
0. Exit
> 0
Bye!
?[1;31m
Start test 8?[0m
1. Create an account
2. Log into account
0. Exit
> 1
Your card has been created
Your card number:
4000001160483087
Your card PIN:
1278
java.sql.SQLException: [SQLITE_BUSY]  The database file is locked (database is locked)
1. Create an account
2. Log into account
0. Exit
> 2
Enter your card number:
> 400000151722961
Enter your PIN:
> 1278
Wrong card number or PIN!
1. Create an account
2. Log into account
0. Exit
> 0
Bye!
?[1;31m
Start test 9?[0m
1. Create an account
2. Log into account
0. Exit
> 1
Your card has been created
Your card number:
4000007119481692
Your card PIN:
3474
java.sql.SQLException: [SQLITE_BUSY]  The database file is locked (database is locked)
1. Create an account
2. Log into account
0. Exit
> 2
Enter your card number:
> 4000007119481692
Enter your PIN:
> 3474
Wrong card number or PIN!
1. Create an account
2. Log into account
0. Exit
> 1
Your card has been created
Your card number:
4000007093713748
Your card PIN:
6925
java.sql.SQLException: [SQLITE_BUSY]  The database file is locked (database is locked)
1. Create an account
2. Log into account
0. Exit
> 0
Bye!
]]></system-out>
  <system-err><![CDATA[]]></system-err>
</testsuite>
